Vivado Simulator 2018.1
Copyright 1986-1999, 2001-2017 Xilinx, Inc. All Rights Reserved.
Running: C:/Xilinx/Vivado/2018.1/bin/unwrapped/win64.o/xelab.exe -wto d3026c6e3ac84564b045ffb1bc319d94 --incr --debug typical --relax --mt 2 -L xil_defaultlib -L secureip --snapshot TB_NanoProcessor_behav xil_defaultlib.TB_NanoProcessor -log elaborate.log 
Using 2 slave threads.
Starting static elaboration
Completed static elaboration
Starting simulation data flow analysis
Completed simulation data flow analysis
Time Resolution for simulation is 1ps
Compiling package std.standard
Compiling package std.textio
Compiling package ieee.std_logic_1164
Compiling package ieee.numeric_std
Compiling architecture behavioral of entity xil_defaultlib.Instruction_Dec [instruction_dec_default]
Compiling architecture behavioral of entity xil_defaultlib.Two_3_bit_MUX [two_3_bit_mux_default]
Compiling architecture behavioral of entity xil_defaultlib.HA [ha_default]
Compiling architecture behavioral of entity xil_defaultlib.FA [fa_default]
Compiling architecture behavioral of entity xil_defaultlib.Multiplier_2_2 [multiplier_2_2_default]
Compiling architecture behavioral of entity xil_defaultlib.FA_6 [fa_6_default]
Compiling architecture behavioral of entity xil_defaultlib.Multiplier_4_4 [multiplier_4_4_default]
Compiling architecture behavioral of entity xil_defaultlib.Top_Multiplier [top_multiplier_default]
Compiling architecture behavioral of entity xil_defaultlib.Comparator [comparator_default]
Compiling architecture behavioral of entity xil_defaultlib.Slow_Clk [slow_clk_default]
Compiling architecture behavioral of entity xil_defaultlib.Decoder_2_to_4 [decoder_2_to_4_default]
Compiling architecture behavioral of entity xil_defaultlib.AND_operator [and_operator_default]
Compiling architecture behavioral of entity xil_defaultlib.OR_operator [or_operator_default]
Compiling architecture behavioral of entity xil_defaultlib.NOT_operator [not_operator_default]
Compiling architecture behavioral of entity xil_defaultlib.XOR_operator [xor_operator_default]
Compiling architecture behavioral of entity xil_defaultlib.Boolean_operator [boolean_operator_default]
Compiling architecture behavioral of entity xil_defaultlib.D_FF [d_ff_default]
Compiling architecture behavioral of entity xil_defaultlib.ProgramCounter [programcounter_default]
Compiling architecture behavioral of entity xil_defaultlib.fourBitAdder [fourbitadder_default]
Compiling architecture behavioral of entity xil_defaultlib.ProgramRom [programrom_default]
Compiling architecture behavioral of entity xil_defaultlib.Two_4bit_MUX [two_4bit_mux_default]
Compiling architecture behavioral of entity xil_defaultlib.Mux_4_to_1 [mux_4_to_1_default]
Compiling architecture behavioral of entity xil_defaultlib.Decoder_3_to_8 [decoder_3_to_8_default]
Compiling architecture behavioral of entity xil_defaultlib.Reg [reg_default]
Compiling architecture behavioral of entity xil_defaultlib.Reg_Bank [reg_bank_default]
Compiling architecture behavioral of entity xil_defaultlib.Mux_8_to_1 [mux_8_to_1_default]
Compiling architecture behavioral of entity xil_defaultlib.RCA_4 [rca_4_default]
Compiling architecture behavioral of entity xil_defaultlib.Fourbit_Adder_Substrator [fourbit_adder_substrator_default]
Compiling architecture behavioral of entity xil_defaultlib.LUT_Display [lut_display_default]
Compiling architecture behavioral of entity xil_defaultlib.SevenSegmentDisplay [sevensegmentdisplay_default]
Compiling architecture behavioral of entity xil_defaultlib.NanoProcessor [nanoprocessor_default]
Compiling architecture testbench of entity xil_defaultlib.tb_nanoprocessor
Built simulation snapshot TB_NanoProcessor_behav
