Copyright 1986-2018 Xilinx, Inc. All Rights Reserved.
--------------------------------------------------------------------------------------------------------------------------------------------------------------------------------------------------------------
| Tool Version : Vivado v.2018.1 (win64) Build 2188600 Wed Apr  4 18:40:38 MDT 2018
| Date         : Wed May  8 18:46:59 2024
| Host         : Maduni running 64-bit major release  (build 9200)
| Command      : report_timing_summary -max_paths 10 -file NanoProcessor_timing_summary_routed.rpt -pb NanoProcessor_timing_summary_routed.pb -rpx NanoProcessor_timing_summary_routed.rpx -warn_on_violation
| Design       : NanoProcessor
| Device       : 7a35t-cpg236
| Speed File   : -1  PRODUCTION 1.21 2018-02-08
--------------------------------------------------------------------------------------------------------------------------------------------------------------------------------------------------------------

Timing Summary Report

------------------------------------------------------------------------------------------------
| Timer Settings
| --------------
------------------------------------------------------------------------------------------------

  Enable Multi Corner Analysis               :  Yes
  Enable Pessimism Removal                   :  Yes
  Pessimism Removal Resolution               :  Nearest Common Node
  Enable Input Delay Default Clock           :  No
  Enable Preset / Clear Arcs                 :  No
  Disable Flight Delays                      :  No
  Ignore I/O Paths                           :  No
  Timing Early Launch at Borrowing Latches   :  false

  Corner  Analyze    Analyze    
  Name    Max Paths  Min Paths  
  ------  ---------  ---------  
  Slow    Yes        Yes        
  Fast    Yes        Yes        



check_timing report

Table of Contents
-----------------
1. checking no_clock
2. checking constant_clock
3. checking pulse_width_clock
4. checking unconstrained_internal_endpoints
5. checking no_input_delay
6. checking no_output_delay
7. checking multiple_clock
8. checking generated_clocks
9. checking loops
10. checking partial_input_delay
11. checking partial_output_delay
12. checking latch_loops

1. checking no_clock
--------------------
 There are 22 register/latch pins with no clock driven by root clock pin: Clock_0/Clk_out_reg/Q (HIGH)


2. checking constant_clock
--------------------------
 There are 0 register/latch pins with constant_clock.


3. checking pulse_width_clock
-----------------------------
 There are 0 register/latch pins which need pulse_width check


4. checking unconstrained_internal_endpoints
--------------------------------------------
 There are 62 pins that are not constrained for maximum delay. (HIGH)

 There are 0 pins that are not constrained for maximum delay due to constant clock.


5. checking no_input_delay
--------------------------
 There is 1 input port with no input delay specified. (HIGH)

 There are 0 input ports with no input delay but user has a false path constraint.


6. checking no_output_delay
---------------------------
 There are 16 ports with no output delay specified. (HIGH)

 There are 0 ports with no output delay but user has a false path constraint

 There are 0 ports with no output delay but with a timing clock defined on it or propagating through it


7. checking multiple_clock
--------------------------
 There are 0 register/latch pins with multiple clocks.


8. checking generated_clocks
----------------------------
 There are 0 generated clocks that are not connected to a clock source.


9. checking loops
-----------------
 There are 0 combinational loops in the design.


10. checking partial_input_delay
--------------------------------
 There are 0 input ports with partial input delay specified.


11. checking partial_output_delay
---------------------------------
 There are 0 ports with partial output delay specified.


12. checking latch_loops
------------------------
 There are 0 combinational latch loops in the design through latch input



------------------------------------------------------------------------------------------------
| Design Timing Summary
| ---------------------
------------------------------------------------------------------------------------------------

    WNS(ns)      TNS(ns)  TNS Failing Endpoints  TNS Total Endpoints      WHS(ns)      THS(ns)  THS Failing Endpoints  THS Total Endpoints     WPWS(ns)     TPWS(ns)  TPWS Failing Endpoints  TPWS Total Endpoints  
    -------      -------  ---------------------  -------------------      -------      -------  ---------------------  -------------------     --------     --------  ----------------------  --------------------  
      4.824        0.000                      0                   65        0.264        0.000                      0                   65        4.500        0.000                       0                    35  


All user specified timing constraints are met.


------------------------------------------------------------------------------------------------
| Clock Summary
| -------------
------------------------------------------------------------------------------------------------

Clock        Waveform(ns)       Period(ns)      Frequency(MHz)
-----        ------------       ----------      --------------
sys_clk_pin  {0.000 5.000}      10.000          100.000         


------------------------------------------------------------------------------------------------
| Intra Clock Table
| -----------------
------------------------------------------------------------------------------------------------

Clock             WNS(ns)      TNS(ns)  TNS Failing Endpoints  TNS Total Endpoints      WHS(ns)      THS(ns)  THS Failing Endpoints  THS Total Endpoints     WPWS(ns)     TPWS(ns)  TPWS Failing Endpoints  TPWS Total Endpoints  
-----             -------      -------  ---------------------  -------------------      -------      -------  ---------------------  -------------------     --------     --------  ----------------------  --------------------  
sys_clk_pin         4.824        0.000                      0                   65        0.264        0.000                      0                   65        4.500        0.000                       0                    35  


------------------------------------------------------------------------------------------------
| Inter Clock Table
| -----------------
------------------------------------------------------------------------------------------------

From Clock    To Clock          WNS(ns)      TNS(ns)  TNS Failing Endpoints  TNS Total Endpoints      WHS(ns)      THS(ns)  THS Failing Endpoints  THS Total Endpoints  
----------    --------          -------      -------  ---------------------  -------------------      -------      -------  ---------------------  -------------------  


------------------------------------------------------------------------------------------------
| Other Path Groups Table
| -----------------------
------------------------------------------------------------------------------------------------

Path Group    From Clock    To Clock          WNS(ns)      TNS(ns)  TNS Failing Endpoints  TNS Total Endpoints      WHS(ns)      THS(ns)  THS Failing Endpoints  THS Total Endpoints  
----------    ----------    --------          -------      -------  ---------------------  -------------------      -------      -------  ---------------------  -------------------  


------------------------------------------------------------------------------------------------
| Timing Details
| --------------
------------------------------------------------------------------------------------------------


---------------------------------------------------------------------------------------------------
From Clock:  sys_clk_pin
  To Clock:  sys_clk_pin

Setup :            0  Failing Endpoints,  Worst Slack        4.824ns,  Total Violation        0.000ns
Hold  :            0  Failing Endpoints,  Worst Slack        0.264ns,  Total Violation        0.000ns
PW    :            0  Failing Endpoints,  Worst Slack        4.500ns,  Total Violation        0.000ns
---------------------------------------------------------------------------------------------------


Max Delay Paths
--------------------------------------------------------------------------------------
Slack (MET) :             4.824ns  (required time - arrival time)
  Source:                 Clock_0/count_reg[4]/C
                            (rising edge-triggered cell FDRE clocked by sys_clk_pin  {rise@0.000ns fall@5.000ns period=10.000ns})
  Destination:            Clock_0/count_reg[29]/R
                            (rising edge-triggered cell FDRE clocked by sys_clk_pin  {rise@0.000ns fall@5.000ns period=10.000ns})
  Path Group:             sys_clk_pin
  Path Type:              Setup (Max at Slow Process Corner)
  Requirement:            10.000ns  (sys_clk_pin rise@10.000ns - sys_clk_pin rise@0.000ns)
  Data Path Delay:        4.670ns  (logic 1.058ns (22.657%)  route 3.612ns (77.343%))
  Logic Levels:           3  (LUT4=2 LUT5=1)
  Clock Path Skew:        -0.042ns (DCD - SCD + CPR)
    Destination Clock Delay (DCD):    4.845ns = ( 14.845 - 10.000 ) 
    Source Clock Delay      (SCD):    5.147ns
    Clock Pessimism Removal (CPR):    0.260ns
  Clock Uncertainty:      0.035ns  ((TSJ^2 + TIJ^2)^1/2 + DJ) / 2 + PE
    Total System Jitter     (TSJ):    0.071ns
    Total Input Jitter      (TIJ):    0.000ns
    Discrete Jitter          (DJ):    0.000ns
    Phase Error              (PE):    0.000ns

    Location             Delay type                Incr(ns)  Path(ns)    Netlist Resource(s)
  -------------------------------------------------------------------    -------------------
                         (clock sys_clk_pin rise edge)
                                                      0.000     0.000 r  
    W5                                                0.000     0.000 r  Clk (IN)
                         net (fo=0)                   0.000     0.000    Clk
    W5                   IBUF (Prop_ibuf_I_O)         1.458     1.458 r  Clk_IBUF_inst/O
                         net (fo=1, routed)           1.967     3.425    Clk_IBUF
    BUFGCTRL_X0Y0        BUFG (Prop_bufg_I_O)         0.096     3.521 r  Clk_IBUF_BUFG_inst/O
                         net (fo=34, routed)          1.626     5.147    Clock_0/Clk_IBUF_BUFG
    SLICE_X63Y19         FDRE                                         r  Clock_0/count_reg[4]/C
  -------------------------------------------------------------------    -------------------
    SLICE_X63Y19         FDRE (Prop_fdre_C_Q)         0.456     5.603 f  Clock_0/count_reg[4]/Q
                         net (fo=2, routed)           0.807     6.411    Clock_0/count[4]
    SLICE_X64Y20         LUT4 (Prop_lut4_I1_O)        0.124     6.535 f  Clock_0/count[31]_i_7/O
                         net (fo=1, routed)           0.809     7.343    Clock_0/count[31]_i_7_n_0
    SLICE_X62Y19         LUT5 (Prop_lut5_I4_O)        0.152     7.495 f  Clock_0/count[31]_i_3/O
                         net (fo=3, routed)           1.159     8.655    Clock_0/count[31]_i_3_n_0
    SLICE_X62Y22         LUT4 (Prop_lut4_I1_O)        0.326     8.981 r  Clock_0/count[31]_i_1/O
                         net (fo=31, routed)          0.836     9.817    Clock_0/count[31]_i_1_n_0
    SLICE_X63Y26         FDRE                                         r  Clock_0/count_reg[29]/R
  -------------------------------------------------------------------    -------------------

                         (clock sys_clk_pin rise edge)
                                                     10.000    10.000 r  
    W5                                                0.000    10.000 r  Clk (IN)
                         net (fo=0)                   0.000    10.000    Clk
    W5                   IBUF (Prop_ibuf_I_O)         1.388    11.388 r  Clk_IBUF_inst/O
                         net (fo=1, routed)           1.862    13.250    Clk_IBUF
    BUFGCTRL_X0Y0        BUFG (Prop_bufg_I_O)         0.091    13.341 r  Clk_IBUF_BUFG_inst/O
                         net (fo=34, routed)          1.504    14.845    Clock_0/Clk_IBUF_BUFG
    SLICE_X63Y26         FDRE                                         r  Clock_0/count_reg[29]/C
                         clock pessimism              0.260    15.105    
                         clock uncertainty           -0.035    15.070    
    SLICE_X63Y26         FDRE (Setup_fdre_C_R)       -0.429    14.641    Clock_0/count_reg[29]
  -------------------------------------------------------------------
                         required time                         14.641    
                         arrival time                          -9.817    
  -------------------------------------------------------------------
                         slack                                  4.824    

Slack (MET) :             4.824ns  (required time - arrival time)
  Source:                 Clock_0/count_reg[4]/C
                            (rising edge-triggered cell FDRE clocked by sys_clk_pin  {rise@0.000ns fall@5.000ns period=10.000ns})
  Destination:            Clock_0/count_reg[30]/R
                            (rising edge-triggered cell FDRE clocked by sys_clk_pin  {rise@0.000ns fall@5.000ns period=10.000ns})
  Path Group:             sys_clk_pin
  Path Type:              Setup (Max at Slow Process Corner)
  Requirement:            10.000ns  (sys_clk_pin rise@10.000ns - sys_clk_pin rise@0.000ns)
  Data Path Delay:        4.670ns  (logic 1.058ns (22.657%)  route 3.612ns (77.343%))
  Logic Levels:           3  (LUT4=2 LUT5=1)
  Clock Path Skew:        -0.042ns (DCD - SCD + CPR)
    Destination Clock Delay (DCD):    4.845ns = ( 14.845 - 10.000 ) 
    Source Clock Delay      (SCD):    5.147ns
    Clock Pessimism Removal (CPR):    0.260ns
  Clock Uncertainty:      0.035ns  ((TSJ^2 + TIJ^2)^1/2 + DJ) / 2 + PE
    Total System Jitter     (TSJ):    0.071ns
    Total Input Jitter      (TIJ):    0.000ns
    Discrete Jitter          (DJ):    0.000ns
    Phase Error              (PE):    0.000ns

    Location             Delay type                Incr(ns)  Path(ns)    Netlist Resource(s)
  -------------------------------------------------------------------    -------------------
                         (clock sys_clk_pin rise edge)
                                                      0.000     0.000 r  
    W5                                                0.000     0.000 r  Clk (IN)
                         net (fo=0)                   0.000     0.000    Clk
    W5                   IBUF (Prop_ibuf_I_O)         1.458     1.458 r  Clk_IBUF_inst/O
                         net (fo=1, routed)           1.967     3.425    Clk_IBUF
    BUFGCTRL_X0Y0        BUFG (Prop_bufg_I_O)         0.096     3.521 r  Clk_IBUF_BUFG_inst/O
                         net (fo=34, routed)          1.626     5.147    Clock_0/Clk_IBUF_BUFG
    SLICE_X63Y19         FDRE                                         r  Clock_0/count_reg[4]/C
  -------------------------------------------------------------------    -------------------
    SLICE_X63Y19         FDRE (Prop_fdre_C_Q)         0.456     5.603 f  Clock_0/count_reg[4]/Q
                         net (fo=2, routed)           0.807     6.411    Clock_0/count[4]
    SLICE_X64Y20         LUT4 (Prop_lut4_I1_O)        0.124     6.535 f  Clock_0/count[31]_i_7/O
                         net (fo=1, routed)           0.809     7.343    Clock_0/count[31]_i_7_n_0
    SLICE_X62Y19         LUT5 (Prop_lut5_I4_O)        0.152     7.495 f  Clock_0/count[31]_i_3/O
                         net (fo=3, routed)           1.159     8.655    Clock_0/count[31]_i_3_n_0
    SLICE_X62Y22         LUT4 (Prop_lut4_I1_O)        0.326     8.981 r  Clock_0/count[31]_i_1/O
                         net (fo=31, routed)          0.836     9.817    Clock_0/count[31]_i_1_n_0
    SLICE_X63Y26         FDRE                                         r  Clock_0/count_reg[30]/R
  -------------------------------------------------------------------    -------------------

                         (clock sys_clk_pin rise edge)
                                                     10.000    10.000 r  
    W5                                                0.000    10.000 r  Clk (IN)
                         net (fo=0)                   0.000    10.000    Clk
    W5                   IBUF (Prop_ibuf_I_O)         1.388    11.388 r  Clk_IBUF_inst/O
                         net (fo=1, routed)           1.862    13.250    Clk_IBUF
    BUFGCTRL_X0Y0        BUFG (Prop_bufg_I_O)         0.091    13.341 r  Clk_IBUF_BUFG_inst/O
                         net (fo=34, routed)          1.504    14.845    Clock_0/Clk_IBUF_BUFG
    SLICE_X63Y26         FDRE                                         r  Clock_0/count_reg[30]/C
                         clock pessimism              0.260    15.105    
                         clock uncertainty           -0.035    15.070    
    SLICE_X63Y26         FDRE (Setup_fdre_C_R)       -0.429    14.641    Clock_0/count_reg[30]
  -------------------------------------------------------------------
                         required time                         14.641    
                         arrival time                          -9.817    
  -------------------------------------------------------------------
                         slack                                  4.824    

Slack (MET) :             4.824ns  (required time - arrival time)
  Source:                 Clock_0/count_reg[4]/C
                            (rising edge-triggered cell FDRE clocked by sys_clk_pin  {rise@0.000ns fall@5.000ns period=10.000ns})
  Destination:            Clock_0/count_reg[31]/R
                            (rising edge-triggered cell FDRE clocked by sys_clk_pin  {rise@0.000ns fall@5.000ns period=10.000ns})
  Path Group:             sys_clk_pin
  Path Type:              Setup (Max at Slow Process Corner)
  Requirement:            10.000ns  (sys_clk_pin rise@10.000ns - sys_clk_pin rise@0.000ns)
  Data Path Delay:        4.670ns  (logic 1.058ns (22.657%)  route 3.612ns (77.343%))
  Logic Levels:           3  (LUT4=2 LUT5=1)
  Clock Path Skew:        -0.042ns (DCD - SCD + CPR)
    Destination Clock Delay (DCD):    4.845ns = ( 14.845 - 10.000 ) 
    Source Clock Delay      (SCD):    5.147ns
    Clock Pessimism Removal (CPR):    0.260ns
  Clock Uncertainty:      0.035ns  ((TSJ^2 + TIJ^2)^1/2 + DJ) / 2 + PE
    Total System Jitter     (TSJ):    0.071ns
    Total Input Jitter      (TIJ):    0.000ns
    Discrete Jitter          (DJ):    0.000ns
    Phase Error              (PE):    0.000ns

    Location             Delay type                Incr(ns)  Path(ns)    Netlist Resource(s)
  -------------------------------------------------------------------    -------------------
                         (clock sys_clk_pin rise edge)
                                                      0.000     0.000 r  
    W5                                                0.000     0.000 r  Clk (IN)
                         net (fo=0)                   0.000     0.000    Clk
    W5                   IBUF (Prop_ibuf_I_O)         1.458     1.458 r  Clk_IBUF_inst/O
                         net (fo=1, routed)           1.967     3.425    Clk_IBUF
    BUFGCTRL_X0Y0        BUFG (Prop_bufg_I_O)         0.096     3.521 r  Clk_IBUF_BUFG_inst/O
                         net (fo=34, routed)          1.626     5.147    Clock_0/Clk_IBUF_BUFG
    SLICE_X63Y19         FDRE                                         r  Clock_0/count_reg[4]/C
  -------------------------------------------------------------------    -------------------
    SLICE_X63Y19         FDRE (Prop_fdre_C_Q)         0.456     5.603 f  Clock_0/count_reg[4]/Q
                         net (fo=2, routed)           0.807     6.411    Clock_0/count[4]
    SLICE_X64Y20         LUT4 (Prop_lut4_I1_O)        0.124     6.535 f  Clock_0/count[31]_i_7/O
                         net (fo=1, routed)           0.809     7.343    Clock_0/count[31]_i_7_n_0
    SLICE_X62Y19         LUT5 (Prop_lut5_I4_O)        0.152     7.495 f  Clock_0/count[31]_i_3/O
                         net (fo=3, routed)           1.159     8.655    Clock_0/count[31]_i_3_n_0
    SLICE_X62Y22         LUT4 (Prop_lut4_I1_O)        0.326     8.981 r  Clock_0/count[31]_i_1/O
                         net (fo=31, routed)          0.836     9.817    Clock_0/count[31]_i_1_n_0
    SLICE_X63Y26         FDRE                                         r  Clock_0/count_reg[31]/R
  -------------------------------------------------------------------    -------------------

                         (clock sys_clk_pin rise edge)
                                                     10.000    10.000 r  
    W5                                                0.000    10.000 r  Clk (IN)
                         net (fo=0)                   0.000    10.000    Clk
    W5                   IBUF (Prop_ibuf_I_O)         1.388    11.388 r  Clk_IBUF_inst/O
                         net (fo=1, routed)           1.862    13.250    Clk_IBUF
    BUFGCTRL_X0Y0        BUFG (Prop_bufg_I_O)         0.091    13.341 r  Clk_IBUF_BUFG_inst/O
                         net (fo=34, routed)          1.504    14.845    Clock_0/Clk_IBUF_BUFG
    SLICE_X63Y26         FDRE                                         r  Clock_0/count_reg[31]/C
                         clock pessimism              0.260    15.105    
                         clock uncertainty           -0.035    15.070    
    SLICE_X63Y26         FDRE (Setup_fdre_C_R)       -0.429    14.641    Clock_0/count_reg[31]
  -------------------------------------------------------------------
                         required time                         14.641    
                         arrival time                          -9.817    
  -------------------------------------------------------------------
                         slack                                  4.824    

Slack (MET) :             4.960ns  (required time - arrival time)
  Source:                 Clock_0/count_reg[4]/C
                            (rising edge-triggered cell FDRE clocked by sys_clk_pin  {rise@0.000ns fall@5.000ns period=10.000ns})
  Destination:            Clock_0/count_reg[25]/R
                            (rising edge-triggered cell FDRE clocked by sys_clk_pin  {rise@0.000ns fall@5.000ns period=10.000ns})
  Path Group:             sys_clk_pin
  Path Type:              Setup (Max at Slow Process Corner)
  Requirement:            10.000ns  (sys_clk_pin rise@10.000ns - sys_clk_pin rise@0.000ns)
  Data Path Delay:        4.531ns  (logic 1.058ns (23.349%)  route 3.473ns (76.651%))
  Logic Levels:           3  (LUT4=2 LUT5=1)
  Clock Path Skew:        -0.044ns (DCD - SCD + CPR)
    Destination Clock Delay (DCD):    4.843ns = ( 14.843 - 10.000 ) 
    Source Clock Delay      (SCD):    5.147ns
    Clock Pessimism Removal (CPR):    0.260ns
  Clock Uncertainty:      0.035ns  ((TSJ^2 + TIJ^2)^1/2 + DJ) / 2 + PE
    Total System Jitter     (TSJ):    0.071ns
    Total Input Jitter      (TIJ):    0.000ns
    Discrete Jitter          (DJ):    0.000ns
    Phase Error              (PE):    0.000ns

    Location             Delay type                Incr(ns)  Path(ns)    Netlist Resource(s)
  -------------------------------------------------------------------    -------------------
                         (clock sys_clk_pin rise edge)
                                                      0.000     0.000 r  
    W5                                                0.000     0.000 r  Clk (IN)
                         net (fo=0)                   0.000     0.000    Clk
    W5                   IBUF (Prop_ibuf_I_O)         1.458     1.458 r  Clk_IBUF_inst/O
                         net (fo=1, routed)           1.967     3.425    Clk_IBUF
    BUFGCTRL_X0Y0        BUFG (Prop_bufg_I_O)         0.096     3.521 r  Clk_IBUF_BUFG_inst/O
                         net (fo=34, routed)          1.626     5.147    Clock_0/Clk_IBUF_BUFG
    SLICE_X63Y19         FDRE                                         r  Clock_0/count_reg[4]/C
  -------------------------------------------------------------------    -------------------
    SLICE_X63Y19         FDRE (Prop_fdre_C_Q)         0.456     5.603 f  Clock_0/count_reg[4]/Q
                         net (fo=2, routed)           0.807     6.411    Clock_0/count[4]
    SLICE_X64Y20         LUT4 (Prop_lut4_I1_O)        0.124     6.535 f  Clock_0/count[31]_i_7/O
                         net (fo=1, routed)           0.809     7.343    Clock_0/count[31]_i_7_n_0
    SLICE_X62Y19         LUT5 (Prop_lut5_I4_O)        0.152     7.495 f  Clock_0/count[31]_i_3/O
                         net (fo=3, routed)           1.159     8.655    Clock_0/count[31]_i_3_n_0
    SLICE_X62Y22         LUT4 (Prop_lut4_I1_O)        0.326     8.981 r  Clock_0/count[31]_i_1/O
                         net (fo=31, routed)          0.698     9.678    Clock_0/count[31]_i_1_n_0
    SLICE_X63Y25         FDRE                                         r  Clock_0/count_reg[25]/R
  -------------------------------------------------------------------    -------------------

                         (clock sys_clk_pin rise edge)
                                                     10.000    10.000 r  
    W5                                                0.000    10.000 r  Clk (IN)
                         net (fo=0)                   0.000    10.000    Clk
    W5                   IBUF (Prop_ibuf_I_O)         1.388    11.388 r  Clk_IBUF_inst/O
                         net (fo=1, routed)           1.862    13.250    Clk_IBUF
    BUFGCTRL_X0Y0        BUFG (Prop_bufg_I_O)         0.091    13.341 r  Clk_IBUF_BUFG_inst/O
                         net (fo=34, routed)          1.502    14.843    Clock_0/Clk_IBUF_BUFG
    SLICE_X63Y25         FDRE                                         r  Clock_0/count_reg[25]/C
                         clock pessimism              0.260    15.103    
                         clock uncertainty           -0.035    15.068    
    SLICE_X63Y25         FDRE (Setup_fdre_C_R)       -0.429    14.639    Clock_0/count_reg[25]
  -------------------------------------------------------------------
                         required time                         14.639    
                         arrival time                          -9.678    
  -------------------------------------------------------------------
                         slack                                  4.960    

Slack (MET) :             4.960ns  (required time - arrival time)
  Source:                 Clock_0/count_reg[4]/C
                            (rising edge-triggered cell FDRE clocked by sys_clk_pin  {rise@0.000ns fall@5.000ns period=10.000ns})
  Destination:            Clock_0/count_reg[26]/R
                            (rising edge-triggered cell FDRE clocked by sys_clk_pin  {rise@0.000ns fall@5.000ns period=10.000ns})
  Path Group:             sys_clk_pin
  Path Type:              Setup (Max at Slow Process Corner)
  Requirement:            10.000ns  (sys_clk_pin rise@10.000ns - sys_clk_pin rise@0.000ns)
  Data Path Delay:        4.531ns  (logic 1.058ns (23.349%)  route 3.473ns (76.651%))
  Logic Levels:           3  (LUT4=2 LUT5=1)
  Clock Path Skew:        -0.044ns (DCD - SCD + CPR)
    Destination Clock Delay (DCD):    4.843ns = ( 14.843 - 10.000 ) 
    Source Clock Delay      (SCD):    5.147ns
    Clock Pessimism Removal (CPR):    0.260ns
  Clock Uncertainty:      0.035ns  ((TSJ^2 + TIJ^2)^1/2 + DJ) / 2 + PE
    Total System Jitter     (TSJ):    0.071ns
    Total Input Jitter      (TIJ):    0.000ns
    Discrete Jitter          (DJ):    0.000ns
    Phase Error              (PE):    0.000ns

    Location             Delay type                Incr(ns)  Path(ns)    Netlist Resource(s)
  -------------------------------------------------------------------    -------------------
                         (clock sys_clk_pin rise edge)
                                                      0.000     0.000 r  
    W5                                                0.000     0.000 r  Clk (IN)
                         net (fo=0)                   0.000     0.000    Clk
    W5                   IBUF (Prop_ibuf_I_O)         1.458     1.458 r  Clk_IBUF_inst/O
                         net (fo=1, routed)           1.967     3.425    Clk_IBUF
    BUFGCTRL_X0Y0        BUFG (Prop_bufg_I_O)         0.096     3.521 r  Clk_IBUF_BUFG_inst/O
                         net (fo=34, routed)          1.626     5.147    Clock_0/Clk_IBUF_BUFG
    SLICE_X63Y19         FDRE                                         r  Clock_0/count_reg[4]/C
  -------------------------------------------------------------------    -------------------
    SLICE_X63Y19         FDRE (Prop_fdre_C_Q)         0.456     5.603 f  Clock_0/count_reg[4]/Q
                         net (fo=2, routed)           0.807     6.411    Clock_0/count[4]
    SLICE_X64Y20         LUT4 (Prop_lut4_I1_O)        0.124     6.535 f  Clock_0/count[31]_i_7/O
                         net (fo=1, routed)           0.809     7.343    Clock_0/count[31]_i_7_n_0
    SLICE_X62Y19         LUT5 (Prop_lut5_I4_O)        0.152     7.495 f  Clock_0/count[31]_i_3/O
                         net (fo=3, routed)           1.159     8.655    Clock_0/count[31]_i_3_n_0
    SLICE_X62Y22         LUT4 (Prop_lut4_I1_O)        0.326     8.981 r  Clock_0/count[31]_i_1/O
                         net (fo=31, routed)          0.698     9.678    Clock_0/count[31]_i_1_n_0
    SLICE_X63Y25         FDRE                                         r  Clock_0/count_reg[26]/R
  -------------------------------------------------------------------    -------------------

                         (clock sys_clk_pin rise edge)
                                                     10.000    10.000 r  
    W5                                                0.000    10.000 r  Clk (IN)
                         net (fo=0)                   0.000    10.000    Clk
    W5                   IBUF (Prop_ibuf_I_O)         1.388    11.388 r  Clk_IBUF_inst/O
                         net (fo=1, routed)           1.862    13.250    Clk_IBUF
    BUFGCTRL_X0Y0        BUFG (Prop_bufg_I_O)         0.091    13.341 r  Clk_IBUF_BUFG_inst/O
                         net (fo=34, routed)          1.502    14.843    Clock_0/Clk_IBUF_BUFG
    SLICE_X63Y25         FDRE                                         r  Clock_0/count_reg[26]/C
                         clock pessimism              0.260    15.103    
                         clock uncertainty           -0.035    15.068    
    SLICE_X63Y25         FDRE (Setup_fdre_C_R)       -0.429    14.639    Clock_0/count_reg[26]
  -------------------------------------------------------------------
                         required time                         14.639    
                         arrival time                          -9.678    
  -------------------------------------------------------------------
                         slack                                  4.960    

Slack (MET) :             4.960ns  (required time - arrival time)
  Source:                 Clock_0/count_reg[4]/C
                            (rising edge-triggered cell FDRE clocked by sys_clk_pin  {rise@0.000ns fall@5.000ns period=10.000ns})
  Destination:            Clock_0/count_reg[27]/R
                            (rising edge-triggered cell FDRE clocked by sys_clk_pin  {rise@0.000ns fall@5.000ns period=10.000ns})
  Path Group:             sys_clk_pin
  Path Type:              Setup (Max at Slow Process Corner)
  Requirement:            10.000ns  (sys_clk_pin rise@10.000ns - sys_clk_pin rise@0.000ns)
  Data Path Delay:        4.531ns  (logic 1.058ns (23.349%)  route 3.473ns (76.651%))
  Logic Levels:           3  (LUT4=2 LUT5=1)
  Clock Path Skew:        -0.044ns (DCD - SCD + CPR)
    Destination Clock Delay (DCD):    4.843ns = ( 14.843 - 10.000 ) 
    Source Clock Delay      (SCD):    5.147ns
    Clock Pessimism Removal (CPR):    0.260ns
  Clock Uncertainty:      0.035ns  ((TSJ^2 + TIJ^2)^1/2 + DJ) / 2 + PE
    Total System Jitter     (TSJ):    0.071ns
    Total Input Jitter      (TIJ):    0.000ns
    Discrete Jitter          (DJ):    0.000ns
    Phase Error              (PE):    0.000ns

    Location             Delay type                Incr(ns)  Path(ns)    Netlist Resource(s)
  -------------------------------------------------------------------    -------------------
                         (clock sys_clk_pin rise edge)
                                                      0.000     0.000 r  
    W5                                                0.000     0.000 r  Clk (IN)
                         net (fo=0)                   0.000     0.000    Clk
    W5                   IBUF (Prop_ibuf_I_O)         1.458     1.458 r  Clk_IBUF_inst/O
                         net (fo=1, routed)           1.967     3.425    Clk_IBUF
    BUFGCTRL_X0Y0        BUFG (Prop_bufg_I_O)         0.096     3.521 r  Clk_IBUF_BUFG_inst/O
                         net (fo=34, routed)          1.626     5.147    Clock_0/Clk_IBUF_BUFG
    SLICE_X63Y19         FDRE                                         r  Clock_0/count_reg[4]/C
  -------------------------------------------------------------------    -------------------
    SLICE_X63Y19         FDRE (Prop_fdre_C_Q)         0.456     5.603 f  Clock_0/count_reg[4]/Q
                         net (fo=2, routed)           0.807     6.411    Clock_0/count[4]
    SLICE_X64Y20         LUT4 (Prop_lut4_I1_O)        0.124     6.535 f  Clock_0/count[31]_i_7/O
                         net (fo=1, routed)           0.809     7.343    Clock_0/count[31]_i_7_n_0
    SLICE_X62Y19         LUT5 (Prop_lut5_I4_O)        0.152     7.495 f  Clock_0/count[31]_i_3/O
                         net (fo=3, routed)           1.159     8.655    Clock_0/count[31]_i_3_n_0
    SLICE_X62Y22         LUT4 (Prop_lut4_I1_O)        0.326     8.981 r  Clock_0/count[31]_i_1/O
                         net (fo=31, routed)          0.698     9.678    Clock_0/count[31]_i_1_n_0
    SLICE_X63Y25         FDRE                                         r  Clock_0/count_reg[27]/R
  -------------------------------------------------------------------    -------------------

                         (clock sys_clk_pin rise edge)
                                                     10.000    10.000 r  
    W5                                                0.000    10.000 r  Clk (IN)
                         net (fo=0)                   0.000    10.000    Clk
    W5                   IBUF (Prop_ibuf_I_O)         1.388    11.388 r  Clk_IBUF_inst/O
                         net (fo=1, routed)           1.862    13.250    Clk_IBUF
    BUFGCTRL_X0Y0        BUFG (Prop_bufg_I_O)         0.091    13.341 r  Clk_IBUF_BUFG_inst/O
                         net (fo=34, routed)          1.502    14.843    Clock_0/Clk_IBUF_BUFG
    SLICE_X63Y25         FDRE                                         r  Clock_0/count_reg[27]/C
                         clock pessimism              0.260    15.103    
                         clock uncertainty           -0.035    15.068    
    SLICE_X63Y25         FDRE (Setup_fdre_C_R)       -0.429    14.639    Clock_0/count_reg[27]
  -------------------------------------------------------------------
                         required time                         14.639    
                         arrival time                          -9.678    
  -------------------------------------------------------------------
                         slack                                  4.960    

Slack (MET) :             4.960ns  (required time - arrival time)
  Source:                 Clock_0/count_reg[4]/C
                            (rising edge-triggered cell FDRE clocked by sys_clk_pin  {rise@0.000ns fall@5.000ns period=10.000ns})
  Destination:            Clock_0/count_reg[28]/R
                            (rising edge-triggered cell FDRE clocked by sys_clk_pin  {rise@0.000ns fall@5.000ns period=10.000ns})
  Path Group:             sys_clk_pin
  Path Type:              Setup (Max at Slow Process Corner)
  Requirement:            10.000ns  (sys_clk_pin rise@10.000ns - sys_clk_pin rise@0.000ns)
  Data Path Delay:        4.531ns  (logic 1.058ns (23.349%)  route 3.473ns (76.651%))
  Logic Levels:           3  (LUT4=2 LUT5=1)
  Clock Path Skew:        -0.044ns (DCD - SCD + CPR)
    Destination Clock Delay (DCD):    4.843ns = ( 14.843 - 10.000 ) 
    Source Clock Delay      (SCD):    5.147ns
    Clock Pessimism Removal (CPR):    0.260ns
  Clock Uncertainty:      0.035ns  ((TSJ^2 + TIJ^2)^1/2 + DJ) / 2 + PE
    Total System Jitter     (TSJ):    0.071ns
    Total Input Jitter      (TIJ):    0.000ns
    Discrete Jitter          (DJ):    0.000ns
    Phase Error              (PE):    0.000ns

    Location             Delay type                Incr(ns)  Path(ns)    Netlist Resource(s)
  -------------------------------------------------------------------    -------------------
                         (clock sys_clk_pin rise edge)
                                                      0.000     0.000 r  
    W5                                                0.000     0.000 r  Clk (IN)
                         net (fo=0)                   0.000     0.000    Clk
    W5                   IBUF (Prop_ibuf_I_O)         1.458     1.458 r  Clk_IBUF_inst/O
                         net (fo=1, routed)           1.967     3.425    Clk_IBUF
    BUFGCTRL_X0Y0        BUFG (Prop_bufg_I_O)         0.096     3.521 r  Clk_IBUF_BUFG_inst/O
                         net (fo=34, routed)          1.626     5.147    Clock_0/Clk_IBUF_BUFG
    SLICE_X63Y19         FDRE                                         r  Clock_0/count_reg[4]/C
  -------------------------------------------------------------------    -------------------
    SLICE_X63Y19         FDRE (Prop_fdre_C_Q)         0.456     5.603 f  Clock_0/count_reg[4]/Q
                         net (fo=2, routed)           0.807     6.411    Clock_0/count[4]
    SLICE_X64Y20         LUT4 (Prop_lut4_I1_O)        0.124     6.535 f  Clock_0/count[31]_i_7/O
                         net (fo=1, routed)           0.809     7.343    Clock_0/count[31]_i_7_n_0
    SLICE_X62Y19         LUT5 (Prop_lut5_I4_O)        0.152     7.495 f  Clock_0/count[31]_i_3/O
                         net (fo=3, routed)           1.159     8.655    Clock_0/count[31]_i_3_n_0
    SLICE_X62Y22         LUT4 (Prop_lut4_I1_O)        0.326     8.981 r  Clock_0/count[31]_i_1/O
                         net (fo=31, routed)          0.698     9.678    Clock_0/count[31]_i_1_n_0
    SLICE_X63Y25         FDRE                                         r  Clock_0/count_reg[28]/R
  -------------------------------------------------------------------    -------------------

                         (clock sys_clk_pin rise edge)
                                                     10.000    10.000 r  
    W5                                                0.000    10.000 r  Clk (IN)
                         net (fo=0)                   0.000    10.000    Clk
    W5                   IBUF (Prop_ibuf_I_O)         1.388    11.388 r  Clk_IBUF_inst/O
                         net (fo=1, routed)           1.862    13.250    Clk_IBUF
    BUFGCTRL_X0Y0        BUFG (Prop_bufg_I_O)         0.091    13.341 r  Clk_IBUF_BUFG_inst/O
                         net (fo=34, routed)          1.502    14.843    Clock_0/Clk_IBUF_BUFG
    SLICE_X63Y25         FDRE                                         r  Clock_0/count_reg[28]/C
                         clock pessimism              0.260    15.103    
                         clock uncertainty           -0.035    15.068    
    SLICE_X63Y25         FDRE (Setup_fdre_C_R)       -0.429    14.639    Clock_0/count_reg[28]
  -------------------------------------------------------------------
                         required time                         14.639    
                         arrival time                          -9.678    
  -------------------------------------------------------------------
                         slack                                  4.960    

Slack (MET) :             5.038ns  (required time - arrival time)
  Source:                 Clock_0/count_reg[4]/C
                            (rising edge-triggered cell FDRE clocked by sys_clk_pin  {rise@0.000ns fall@5.000ns period=10.000ns})
  Destination:            Clock_0/count_reg[1]/R
                            (rising edge-triggered cell FDRE clocked by sys_clk_pin  {rise@0.000ns fall@5.000ns period=10.000ns})
  Path Group:             sys_clk_pin
  Path Type:              Setup (Max at Slow Process Corner)
  Requirement:            10.000ns  (sys_clk_pin rise@10.000ns - sys_clk_pin rise@0.000ns)
  Data Path Delay:        4.498ns  (logic 1.058ns (23.522%)  route 3.440ns (76.478%))
  Logic Levels:           3  (LUT4=2 LUT5=1)
  Clock Path Skew:        0.000ns (DCD - SCD + CPR)
    Destination Clock Delay (DCD):    4.849ns = ( 14.849 - 10.000 ) 
    Source Clock Delay      (SCD):    5.147ns
    Clock Pessimism Removal (CPR):    0.298ns
  Clock Uncertainty:      0.035ns  ((TSJ^2 + TIJ^2)^1/2 + DJ) / 2 + PE
    Total System Jitter     (TSJ):    0.071ns
    Total Input Jitter      (TIJ):    0.000ns
    Discrete Jitter          (DJ):    0.000ns
    Phase Error              (PE):    0.000ns

    Location             Delay type                Incr(ns)  Path(ns)    Netlist Resource(s)
  -------------------------------------------------------------------    -------------------
                         (clock sys_clk_pin rise edge)
                                                      0.000     0.000 r  
    W5                                                0.000     0.000 r  Clk (IN)
                         net (fo=0)                   0.000     0.000    Clk
    W5                   IBUF (Prop_ibuf_I_O)         1.458     1.458 r  Clk_IBUF_inst/O
                         net (fo=1, routed)           1.967     3.425    Clk_IBUF
    BUFGCTRL_X0Y0        BUFG (Prop_bufg_I_O)         0.096     3.521 r  Clk_IBUF_BUFG_inst/O
                         net (fo=34, routed)          1.626     5.147    Clock_0/Clk_IBUF_BUFG
    SLICE_X63Y19         FDRE                                         r  Clock_0/count_reg[4]/C
  -------------------------------------------------------------------    -------------------
    SLICE_X63Y19         FDRE (Prop_fdre_C_Q)         0.456     5.603 f  Clock_0/count_reg[4]/Q
                         net (fo=2, routed)           0.807     6.411    Clock_0/count[4]
    SLICE_X64Y20         LUT4 (Prop_lut4_I1_O)        0.124     6.535 f  Clock_0/count[31]_i_7/O
                         net (fo=1, routed)           0.809     7.343    Clock_0/count[31]_i_7_n_0
    SLICE_X62Y19         LUT5 (Prop_lut5_I4_O)        0.152     7.495 f  Clock_0/count[31]_i_3/O
                         net (fo=3, routed)           1.159     8.655    Clock_0/count[31]_i_3_n_0
    SLICE_X62Y22         LUT4 (Prop_lut4_I1_O)        0.326     8.981 r  Clock_0/count[31]_i_1/O
                         net (fo=31, routed)          0.665     9.645    Clock_0/count[31]_i_1_n_0
    SLICE_X63Y19         FDRE                                         r  Clock_0/count_reg[1]/R
  -------------------------------------------------------------------    -------------------

                         (clock sys_clk_pin rise edge)
                                                     10.000    10.000 r  
    W5                                                0.000    10.000 r  Clk (IN)
                         net (fo=0)                   0.000    10.000    Clk
    W5                   IBUF (Prop_ibuf_I_O)         1.388    11.388 r  Clk_IBUF_inst/O
                         net (fo=1, routed)           1.862    13.250    Clk_IBUF
    BUFGCTRL_X0Y0        BUFG (Prop_bufg_I_O)         0.091    13.341 r  Clk_IBUF_BUFG_inst/O
                         net (fo=34, routed)          1.508    14.849    Clock_0/Clk_IBUF_BUFG
    SLICE_X63Y19         FDRE                                         r  Clock_0/count_reg[1]/C
                         clock pessimism              0.298    15.147    
                         clock uncertainty           -0.035    15.112    
    SLICE_X63Y19         FDRE (Setup_fdre_C_R)       -0.429    14.683    Clock_0/count_reg[1]
  -------------------------------------------------------------------
                         required time                         14.683    
                         arrival time                          -9.645    
  -------------------------------------------------------------------
                         slack                                  5.038    

Slack (MET) :             5.038ns  (required time - arrival time)
  Source:                 Clock_0/count_reg[4]/C
                            (rising edge-triggered cell FDRE clocked by sys_clk_pin  {rise@0.000ns fall@5.000ns period=10.000ns})
  Destination:            Clock_0/count_reg[2]/R
                            (rising edge-triggered cell FDRE clocked by sys_clk_pin  {rise@0.000ns fall@5.000ns period=10.000ns})
  Path Group:             sys_clk_pin
  Path Type:              Setup (Max at Slow Process Corner)
  Requirement:            10.000ns  (sys_clk_pin rise@10.000ns - sys_clk_pin rise@0.000ns)
  Data Path Delay:        4.498ns  (logic 1.058ns (23.522%)  route 3.440ns (76.478%))
  Logic Levels:           3  (LUT4=2 LUT5=1)
  Clock Path Skew:        0.000ns (DCD - SCD + CPR)
    Destination Clock Delay (DCD):    4.849ns = ( 14.849 - 10.000 ) 
    Source Clock Delay      (SCD):    5.147ns
    Clock Pessimism Removal (CPR):    0.298ns
  Clock Uncertainty:      0.035ns  ((TSJ^2 + TIJ^2)^1/2 + DJ) / 2 + PE
    Total System Jitter     (TSJ):    0.071ns
    Total Input Jitter      (TIJ):    0.000ns
    Discrete Jitter          (DJ):    0.000ns
    Phase Error              (PE):    0.000ns

    Location             Delay type                Incr(ns)  Path(ns)    Netlist Resource(s)
  -------------------------------------------------------------------    -------------------
                         (clock sys_clk_pin rise edge)
                                                      0.000     0.000 r  
    W5                                                0.000     0.000 r  Clk (IN)
                         net (fo=0)                   0.000     0.000    Clk
    W5                   IBUF (Prop_ibuf_I_O)         1.458     1.458 r  Clk_IBUF_inst/O
                         net (fo=1, routed)           1.967     3.425    Clk_IBUF
    BUFGCTRL_X0Y0        BUFG (Prop_bufg_I_O)         0.096     3.521 r  Clk_IBUF_BUFG_inst/O
                         net (fo=34, routed)          1.626     5.147    Clock_0/Clk_IBUF_BUFG
    SLICE_X63Y19         FDRE                                         r  Clock_0/count_reg[4]/C
  -------------------------------------------------------------------    -------------------
    SLICE_X63Y19         FDRE (Prop_fdre_C_Q)         0.456     5.603 f  Clock_0/count_reg[4]/Q
                         net (fo=2, routed)           0.807     6.411    Clock_0/count[4]
    SLICE_X64Y20         LUT4 (Prop_lut4_I1_O)        0.124     6.535 f  Clock_0/count[31]_i_7/O
                         net (fo=1, routed)           0.809     7.343    Clock_0/count[31]_i_7_n_0
    SLICE_X62Y19         LUT5 (Prop_lut5_I4_O)        0.152     7.495 f  Clock_0/count[31]_i_3/O
                         net (fo=3, routed)           1.159     8.655    Clock_0/count[31]_i_3_n_0
    SLICE_X62Y22         LUT4 (Prop_lut4_I1_O)        0.326     8.981 r  Clock_0/count[31]_i_1/O
                         net (fo=31, routed)          0.665     9.645    Clock_0/count[31]_i_1_n_0
    SLICE_X63Y19         FDRE                                         r  Clock_0/count_reg[2]/R
  -------------------------------------------------------------------    -------------------

                         (clock sys_clk_pin rise edge)
                                                     10.000    10.000 r  
    W5                                                0.000    10.000 r  Clk (IN)
                         net (fo=0)                   0.000    10.000    Clk
    W5                   IBUF (Prop_ibuf_I_O)         1.388    11.388 r  Clk_IBUF_inst/O
                         net (fo=1, routed)           1.862    13.250    Clk_IBUF
    BUFGCTRL_X0Y0        BUFG (Prop_bufg_I_O)         0.091    13.341 r  Clk_IBUF_BUFG_inst/O
                         net (fo=34, routed)          1.508    14.849    Clock_0/Clk_IBUF_BUFG
    SLICE_X63Y19         FDRE                                         r  Clock_0/count_reg[2]/C
                         clock pessimism              0.298    15.147    
                         clock uncertainty           -0.035    15.112    
    SLICE_X63Y19         FDRE (Setup_fdre_C_R)       -0.429    14.683    Clock_0/count_reg[2]
  -------------------------------------------------------------------
                         required time                         14.683    
                         arrival time                          -9.645    
  -------------------------------------------------------------------
                         slack                                  5.038    

Slack (MET) :             5.038ns  (required time - arrival time)
  Source:                 Clock_0/count_reg[4]/C
                            (rising edge-triggered cell FDRE clocked by sys_clk_pin  {rise@0.000ns fall@5.000ns period=10.000ns})
  Destination:            Clock_0/count_reg[3]/R
                            (rising edge-triggered cell FDRE clocked by sys_clk_pin  {rise@0.000ns fall@5.000ns period=10.000ns})
  Path Group:             sys_clk_pin
  Path Type:              Setup (Max at Slow Process Corner)
  Requirement:            10.000ns  (sys_clk_pin rise@10.000ns - sys_clk_pin rise@0.000ns)
  Data Path Delay:        4.498ns  (logic 1.058ns (23.522%)  route 3.440ns (76.478%))
  Logic Levels:           3  (LUT4=2 LUT5=1)
  Clock Path Skew:        0.000ns (DCD - SCD + CPR)
    Destination Clock Delay (DCD):    4.849ns = ( 14.849 - 10.000 ) 
    Source Clock Delay      (SCD):    5.147ns
    Clock Pessimism Removal (CPR):    0.298ns
  Clock Uncertainty:      0.035ns  ((TSJ^2 + TIJ^2)^1/2 + DJ) / 2 + PE
    Total System Jitter     (TSJ):    0.071ns
    Total Input Jitter      (TIJ):    0.000ns
    Discrete Jitter          (DJ):    0.000ns
    Phase Error              (PE):    0.000ns

    Location             Delay type                Incr(ns)  Path(ns)    Netlist Resource(s)
  -------------------------------------------------------------------    -------------------
                         (clock sys_clk_pin rise edge)
                                                      0.000     0.000 r  
    W5                                                0.000     0.000 r  Clk (IN)
                         net (fo=0)                   0.000     0.000    Clk
    W5                   IBUF (Prop_ibuf_I_O)         1.458     1.458 r  Clk_IBUF_inst/O
                         net (fo=1, routed)           1.967     3.425    Clk_IBUF
    BUFGCTRL_X0Y0        BUFG (Prop_bufg_I_O)         0.096     3.521 r  Clk_IBUF_BUFG_inst/O
                         net (fo=34, routed)          1.626     5.147    Clock_0/Clk_IBUF_BUFG
    SLICE_X63Y19         FDRE                                         r  Clock_0/count_reg[4]/C
  -------------------------------------------------------------------    -------------------
    SLICE_X63Y19         FDRE (Prop_fdre_C_Q)         0.456     5.603 f  Clock_0/count_reg[4]/Q
                         net (fo=2, routed)           0.807     6.411    Clock_0/count[4]
    SLICE_X64Y20         LUT4 (Prop_lut4_I1_O)        0.124     6.535 f  Clock_0/count[31]_i_7/O
                         net (fo=1, routed)           0.809     7.343    Clock_0/count[31]_i_7_n_0
    SLICE_X62Y19         LUT5 (Prop_lut5_I4_O)        0.152     7.495 f  Clock_0/count[31]_i_3/O
                         net (fo=3, routed)           1.159     8.655    Clock_0/count[31]_i_3_n_0
    SLICE_X62Y22         LUT4 (Prop_lut4_I1_O)        0.326     8.981 r  Clock_0/count[31]_i_1/O
                         net (fo=31, routed)          0.665     9.645    Clock_0/count[31]_i_1_n_0
    SLICE_X63Y19         FDRE                                         r  Clock_0/count_reg[3]/R
  -------------------------------------------------------------------    -------------------

                         (clock sys_clk_pin rise edge)
                                                     10.000    10.000 r  
    W5                                                0.000    10.000 r  Clk (IN)
                         net (fo=0)                   0.000    10.000    Clk
    W5                   IBUF (Prop_ibuf_I_O)         1.388    11.388 r  Clk_IBUF_inst/O
                         net (fo=1, routed)           1.862    13.250    Clk_IBUF
    BUFGCTRL_X0Y0        BUFG (Prop_bufg_I_O)         0.091    13.341 r  Clk_IBUF_BUFG_inst/O
                         net (fo=34, routed)          1.508    14.849    Clock_0/Clk_IBUF_BUFG
    SLICE_X63Y19         FDRE                                         r  Clock_0/count_reg[3]/C
                         clock pessimism              0.298    15.147    
                         clock uncertainty           -0.035    15.112    
    SLICE_X63Y19         FDRE (Setup_fdre_C_R)       -0.429    14.683    Clock_0/count_reg[3]
  -------------------------------------------------------------------
                         required time                         14.683    
                         arrival time                          -9.645    
  -------------------------------------------------------------------
                         slack                                  5.038    





Min Delay Paths
--------------------------------------------------------------------------------------
Slack (MET) :             0.264ns  (arrival time - required time)
  Source:                 Clock_0/count_reg[12]/C
                            (rising edge-triggered cell FDRE clocked by sys_clk_pin  {rise@0.000ns fall@5.000ns period=10.000ns})
  Destination:            Clock_0/count_reg[12]/D
                            (rising edge-triggered cell FDRE clocked by sys_clk_pin  {rise@0.000ns fall@5.000ns period=10.000ns})
  Path Group:             sys_clk_pin
  Path Type:              Hold (Min at Fast Process Corner)
  Requirement:            0.000ns  (sys_clk_pin rise@0.000ns - sys_clk_pin rise@0.000ns)
  Data Path Delay:        0.369ns  (logic 0.249ns (67.424%)  route 0.120ns (32.576%))
  Logic Levels:           1  (CARRY4=1)
  Clock Path Skew:        0.000ns (DCD - SCD - CPR)
    Destination Clock Delay (DCD):    1.981ns
    Source Clock Delay      (SCD):    1.468ns
    Clock Pessimism Removal (CPR):    0.513ns

    Location             Delay type                Incr(ns)  Path(ns)    Netlist Resource(s)
  -------------------------------------------------------------------    -------------------
                         (clock sys_clk_pin rise edge)
                                                      0.000     0.000 r  
    W5                                                0.000     0.000 r  Clk (IN)
                         net (fo=0)                   0.000     0.000    Clk
    W5                   IBUF (Prop_ibuf_I_O)         0.226     0.226 r  Clk_IBUF_inst/O
                         net (fo=1, routed)           0.631     0.858    Clk_IBUF
    BUFGCTRL_X0Y0        BUFG (Prop_bufg_I_O)         0.026     0.884 r  Clk_IBUF_BUFG_inst/O
                         net (fo=34, routed)          0.585     1.468    Clock_0/Clk_IBUF_BUFG
    SLICE_X63Y21         FDRE                                         r  Clock_0/count_reg[12]/C
  -------------------------------------------------------------------    -------------------
    SLICE_X63Y21         FDRE (Prop_fdre_C_Q)         0.141     1.609 r  Clock_0/count_reg[12]/Q
                         net (fo=2, routed)           0.120     1.729    Clock_0/count[12]
    SLICE_X63Y21         CARRY4 (Prop_carry4_S[3]_O[3])
                                                      0.108     1.837 r  Clock_0/count0_carry__1/O[3]
                         net (fo=1, routed)           0.000     1.837    Clock_0/data0[12]
    SLICE_X63Y21         FDRE                                         r  Clock_0/count_reg[12]/D
  -------------------------------------------------------------------    -------------------

                         (clock sys_clk_pin rise edge)
                                                      0.000     0.000 r  
    W5                                                0.000     0.000 r  Clk (IN)
                         net (fo=0)                   0.000     0.000    Clk
    W5                   IBUF (Prop_ibuf_I_O)         0.414     0.414 r  Clk_IBUF_inst/O
                         net (fo=1, routed)           0.685     1.099    Clk_IBUF
    BUFGCTRL_X0Y0        BUFG (Prop_bufg_I_O)         0.029     1.128 r  Clk_IBUF_BUFG_inst/O
                         net (fo=34, routed)          0.854     1.981    Clock_0/Clk_IBUF_BUFG
    SLICE_X63Y21         FDRE                                         r  Clock_0/count_reg[12]/C
                         clock pessimism             -0.513     1.468    
    SLICE_X63Y21         FDRE (Hold_fdre_C_D)         0.105     1.573    Clock_0/count_reg[12]
  -------------------------------------------------------------------
                         required time                         -1.573    
                         arrival time                           1.837    
  -------------------------------------------------------------------
                         slack                                  0.264    

Slack (MET) :             0.264ns  (arrival time - required time)
  Source:                 Clock_0/count_reg[16]/C
                            (rising edge-triggered cell FDRE clocked by sys_clk_pin  {rise@0.000ns fall@5.000ns period=10.000ns})
  Destination:            Clock_0/count_reg[16]/D
                            (rising edge-triggered cell FDRE clocked by sys_clk_pin  {rise@0.000ns fall@5.000ns period=10.000ns})
  Path Group:             sys_clk_pin
  Path Type:              Hold (Min at Fast Process Corner)
  Requirement:            0.000ns  (sys_clk_pin rise@0.000ns - sys_clk_pin rise@0.000ns)
  Data Path Delay:        0.369ns  (logic 0.249ns (67.424%)  route 0.120ns (32.576%))
  Logic Levels:           1  (CARRY4=1)
  Clock Path Skew:        0.000ns (DCD - SCD - CPR)
    Destination Clock Delay (DCD):    1.980ns
    Source Clock Delay      (SCD):    1.468ns
    Clock Pessimism Removal (CPR):    0.512ns

    Location             Delay type                Incr(ns)  Path(ns)    Netlist Resource(s)
  -------------------------------------------------------------------    -------------------
                         (clock sys_clk_pin rise edge)
                                                      0.000     0.000 r  
    W5                                                0.000     0.000 r  Clk (IN)
                         net (fo=0)                   0.000     0.000    Clk
    W5                   IBUF (Prop_ibuf_I_O)         0.226     0.226 r  Clk_IBUF_inst/O
                         net (fo=1, routed)           0.631     0.858    Clk_IBUF
    BUFGCTRL_X0Y0        BUFG (Prop_bufg_I_O)         0.026     0.884 r  Clk_IBUF_BUFG_inst/O
                         net (fo=34, routed)          0.585     1.468    Clock_0/Clk_IBUF_BUFG
    SLICE_X63Y22         FDRE                                         r  Clock_0/count_reg[16]/C
  -------------------------------------------------------------------    -------------------
    SLICE_X63Y22         FDRE (Prop_fdre_C_Q)         0.141     1.609 r  Clock_0/count_reg[16]/Q
                         net (fo=2, routed)           0.120     1.729    Clock_0/count[16]
    SLICE_X63Y22         CARRY4 (Prop_carry4_S[3]_O[3])
                                                      0.108     1.837 r  Clock_0/count0_carry__2/O[3]
                         net (fo=1, routed)           0.000     1.837    Clock_0/data0[16]
    SLICE_X63Y22         FDRE                                         r  Clock_0/count_reg[16]/D
  -------------------------------------------------------------------    -------------------

                         (clock sys_clk_pin rise edge)
                                                      0.000     0.000 r  
    W5                                                0.000     0.000 r  Clk (IN)
                         net (fo=0)                   0.000     0.000    Clk
    W5                   IBUF (Prop_ibuf_I_O)         0.414     0.414 r  Clk_IBUF_inst/O
                         net (fo=1, routed)           0.685     1.099    Clk_IBUF
    BUFGCTRL_X0Y0        BUFG (Prop_bufg_I_O)         0.029     1.128 r  Clk_IBUF_BUFG_inst/O
                         net (fo=34, routed)          0.853     1.980    Clock_0/Clk_IBUF_BUFG
    SLICE_X63Y22         FDRE                                         r  Clock_0/count_reg[16]/C
                         clock pessimism             -0.512     1.468    
    SLICE_X63Y22         FDRE (Hold_fdre_C_D)         0.105     1.573    Clock_0/count_reg[16]
  -------------------------------------------------------------------
                         required time                         -1.573    
                         arrival time                           1.837    
  -------------------------------------------------------------------
                         slack                                  0.264    

Slack (MET) :             0.264ns  (arrival time - required time)
  Source:                 Clock_0/count_reg[20]/C
                            (rising edge-triggered cell FDRE clocked by sys_clk_pin  {rise@0.000ns fall@5.000ns period=10.000ns})
  Destination:            Clock_0/count_reg[20]/D
                            (rising edge-triggered cell FDRE clocked by sys_clk_pin  {rise@0.000ns fall@5.000ns period=10.000ns})
  Path Group:             sys_clk_pin
  Path Type:              Hold (Min at Fast Process Corner)
  Requirement:            0.000ns  (sys_clk_pin rise@0.000ns - sys_clk_pin rise@0.000ns)
  Data Path Delay:        0.369ns  (logic 0.249ns (67.424%)  route 0.120ns (32.576%))
  Logic Levels:           1  (CARRY4=1)
  Clock Path Skew:        0.000ns (DCD - SCD - CPR)
    Destination Clock Delay (DCD):    1.978ns
    Source Clock Delay      (SCD):    1.466ns
    Clock Pessimism Removal (CPR):    0.512ns

    Location             Delay type                Incr(ns)  Path(ns)    Netlist Resource(s)
  -------------------------------------------------------------------    -------------------
                         (clock sys_clk_pin rise edge)
                                                      0.000     0.000 r  
    W5                                                0.000     0.000 r  Clk (IN)
                         net (fo=0)                   0.000     0.000    Clk
    W5                   IBUF (Prop_ibuf_I_O)         0.226     0.226 r  Clk_IBUF_inst/O
                         net (fo=1, routed)           0.631     0.858    Clk_IBUF
    BUFGCTRL_X0Y0        BUFG (Prop_bufg_I_O)         0.026     0.884 r  Clk_IBUF_BUFG_inst/O
                         net (fo=34, routed)          0.583     1.466    Clock_0/Clk_IBUF_BUFG
    SLICE_X63Y23         FDRE                                         r  Clock_0/count_reg[20]/C
  -------------------------------------------------------------------    -------------------
    SLICE_X63Y23         FDRE (Prop_fdre_C_Q)         0.141     1.607 r  Clock_0/count_reg[20]/Q
                         net (fo=2, routed)           0.120     1.727    Clock_0/count[20]
    SLICE_X63Y23         CARRY4 (Prop_carry4_S[3]_O[3])
                                                      0.108     1.835 r  Clock_0/count0_carry__3/O[3]
                         net (fo=1, routed)           0.000     1.835    Clock_0/data0[20]
    SLICE_X63Y23         FDRE                                         r  Clock_0/count_reg[20]/D
  -------------------------------------------------------------------    -------------------

                         (clock sys_clk_pin rise edge)
                                                      0.000     0.000 r  
    W5                                                0.000     0.000 r  Clk (IN)
                         net (fo=0)                   0.000     0.000    Clk
    W5                   IBUF (Prop_ibuf_I_O)         0.414     0.414 r  Clk_IBUF_inst/O
                         net (fo=1, routed)           0.685     1.099    Clk_IBUF
    BUFGCTRL_X0Y0        BUFG (Prop_bufg_I_O)         0.029     1.128 r  Clk_IBUF_BUFG_inst/O
                         net (fo=34, routed)          0.851     1.978    Clock_0/Clk_IBUF_BUFG
    SLICE_X63Y23         FDRE                                         r  Clock_0/count_reg[20]/C
                         clock pessimism             -0.512     1.466    
    SLICE_X63Y23         FDRE (Hold_fdre_C_D)         0.105     1.571    Clock_0/count_reg[20]
  -------------------------------------------------------------------
                         required time                         -1.571    
                         arrival time                           1.835    
  -------------------------------------------------------------------
                         slack                                  0.264    

Slack (MET) :             0.264ns  (arrival time - required time)
  Source:                 Clock_0/count_reg[24]/C
                            (rising edge-triggered cell FDRE clocked by sys_clk_pin  {rise@0.000ns fall@5.000ns period=10.000ns})
  Destination:            Clock_0/count_reg[24]/D
                            (rising edge-triggered cell FDRE clocked by sys_clk_pin  {rise@0.000ns fall@5.000ns period=10.000ns})
  Path Group:             sys_clk_pin
  Path Type:              Hold (Min at Fast Process Corner)
  Requirement:            0.000ns  (sys_clk_pin rise@0.000ns - sys_clk_pin rise@0.000ns)
  Data Path Delay:        0.369ns  (logic 0.249ns (67.424%)  route 0.120ns (32.576%))
  Logic Levels:           1  (CARRY4=1)
  Clock Path Skew:        0.000ns (DCD - SCD - CPR)
    Destination Clock Delay (DCD):    1.977ns
    Source Clock Delay      (SCD):    1.465ns
    Clock Pessimism Removal (CPR):    0.512ns

    Location             Delay type                Incr(ns)  Path(ns)    Netlist Resource(s)
  -------------------------------------------------------------------    -------------------
                         (clock sys_clk_pin rise edge)
                                                      0.000     0.000 r  
    W5                                                0.000     0.000 r  Clk (IN)
                         net (fo=0)                   0.000     0.000    Clk
    W5                   IBUF (Prop_ibuf_I_O)         0.226     0.226 r  Clk_IBUF_inst/O
                         net (fo=1, routed)           0.631     0.858    Clk_IBUF
    BUFGCTRL_X0Y0        BUFG (Prop_bufg_I_O)         0.026     0.884 r  Clk_IBUF_BUFG_inst/O
                         net (fo=34, routed)          0.582     1.465    Clock_0/Clk_IBUF_BUFG
    SLICE_X63Y24         FDRE                                         r  Clock_0/count_reg[24]/C
  -------------------------------------------------------------------    -------------------
    SLICE_X63Y24         FDRE (Prop_fdre_C_Q)         0.141     1.606 r  Clock_0/count_reg[24]/Q
                         net (fo=2, routed)           0.120     1.726    Clock_0/count[24]
    SLICE_X63Y24         CARRY4 (Prop_carry4_S[3]_O[3])
                                                      0.108     1.834 r  Clock_0/count0_carry__4/O[3]
                         net (fo=1, routed)           0.000     1.834    Clock_0/data0[24]
    SLICE_X63Y24         FDRE                                         r  Clock_0/count_reg[24]/D
  -------------------------------------------------------------------    -------------------

                         (clock sys_clk_pin rise edge)
                                                      0.000     0.000 r  
    W5                                                0.000     0.000 r  Clk (IN)
                         net (fo=0)                   0.000     0.000    Clk
    W5                   IBUF (Prop_ibuf_I_O)         0.414     0.414 r  Clk_IBUF_inst/O
                         net (fo=1, routed)           0.685     1.099    Clk_IBUF
    BUFGCTRL_X0Y0        BUFG (Prop_bufg_I_O)         0.029     1.128 r  Clk_IBUF_BUFG_inst/O
                         net (fo=34, routed)          0.850     1.977    Clock_0/Clk_IBUF_BUFG
    SLICE_X63Y24         FDRE                                         r  Clock_0/count_reg[24]/C
                         clock pessimism             -0.512     1.465    
    SLICE_X63Y24         FDRE (Hold_fdre_C_D)         0.105     1.570    Clock_0/count_reg[24]
  -------------------------------------------------------------------
                         required time                         -1.570    
                         arrival time                           1.834    
  -------------------------------------------------------------------
                         slack                                  0.264    

Slack (MET) :             0.264ns  (arrival time - required time)
  Source:                 Clock_0/count_reg[28]/C
                            (rising edge-triggered cell FDRE clocked by sys_clk_pin  {rise@0.000ns fall@5.000ns period=10.000ns})
  Destination:            Clock_0/count_reg[28]/D
                            (rising edge-triggered cell FDRE clocked by sys_clk_pin  {rise@0.000ns fall@5.000ns period=10.000ns})
  Path Group:             sys_clk_pin
  Path Type:              Hold (Min at Fast Process Corner)
  Requirement:            0.000ns  (sys_clk_pin rise@0.000ns - sys_clk_pin rise@0.000ns)
  Data Path Delay:        0.369ns  (logic 0.249ns (67.424%)  route 0.120ns (32.576%))
  Logic Levels:           1  (CARRY4=1)
  Clock Path Skew:        0.000ns (DCD - SCD - CPR)
    Destination Clock Delay (DCD):    1.977ns
    Source Clock Delay      (SCD):    1.465ns
    Clock Pessimism Removal (CPR):    0.512ns

    Location             Delay type                Incr(ns)  Path(ns)    Netlist Resource(s)
  -------------------------------------------------------------------    -------------------
                         (clock sys_clk_pin rise edge)
                                                      0.000     0.000 r  
    W5                                                0.000     0.000 r  Clk (IN)
                         net (fo=0)                   0.000     0.000    Clk
    W5                   IBUF (Prop_ibuf_I_O)         0.226     0.226 r  Clk_IBUF_inst/O
                         net (fo=1, routed)           0.631     0.858    Clk_IBUF
    BUFGCTRL_X0Y0        BUFG (Prop_bufg_I_O)         0.026     0.884 r  Clk_IBUF_BUFG_inst/O
                         net (fo=34, routed)          0.582     1.465    Clock_0/Clk_IBUF_BUFG
    SLICE_X63Y25         FDRE                                         r  Clock_0/count_reg[28]/C
  -------------------------------------------------------------------    -------------------
    SLICE_X63Y25         FDRE (Prop_fdre_C_Q)         0.141     1.606 r  Clock_0/count_reg[28]/Q
                         net (fo=2, routed)           0.120     1.726    Clock_0/count[28]
    SLICE_X63Y25         CARRY4 (Prop_carry4_S[3]_O[3])
                                                      0.108     1.834 r  Clock_0/count0_carry__5/O[3]
                         net (fo=1, routed)           0.000     1.834    Clock_0/data0[28]
    SLICE_X63Y25         FDRE                                         r  Clock_0/count_reg[28]/D
  -------------------------------------------------------------------    -------------------

                         (clock sys_clk_pin rise edge)
                                                      0.000     0.000 r  
    W5                                                0.000     0.000 r  Clk (IN)
                         net (fo=0)                   0.000     0.000    Clk
    W5                   IBUF (Prop_ibuf_I_O)         0.414     0.414 r  Clk_IBUF_inst/O
                         net (fo=1, routed)           0.685     1.099    Clk_IBUF
    BUFGCTRL_X0Y0        BUFG (Prop_bufg_I_O)         0.029     1.128 r  Clk_IBUF_BUFG_inst/O
                         net (fo=34, routed)          0.850     1.977    Clock_0/Clk_IBUF_BUFG
    SLICE_X63Y25         FDRE                                         r  Clock_0/count_reg[28]/C
                         clock pessimism             -0.512     1.465    
    SLICE_X63Y25         FDRE (Hold_fdre_C_D)         0.105     1.570    Clock_0/count_reg[28]
  -------------------------------------------------------------------
                         required time                         -1.570    
                         arrival time                           1.834    
  -------------------------------------------------------------------
                         slack                                  0.264    

Slack (MET) :             0.264ns  (arrival time - required time)
  Source:                 Clock_0/count_reg[4]/C
                            (rising edge-triggered cell FDRE clocked by sys_clk_pin  {rise@0.000ns fall@5.000ns period=10.000ns})
  Destination:            Clock_0/count_reg[4]/D
                            (rising edge-triggered cell FDRE clocked by sys_clk_pin  {rise@0.000ns fall@5.000ns period=10.000ns})
  Path Group:             sys_clk_pin
  Path Type:              Hold (Min at Fast Process Corner)
  Requirement:            0.000ns  (sys_clk_pin rise@0.000ns - sys_clk_pin rise@0.000ns)
  Data Path Delay:        0.369ns  (logic 0.249ns (67.424%)  route 0.120ns (32.576%))
  Logic Levels:           1  (CARRY4=1)
  Clock Path Skew:        0.000ns (DCD - SCD - CPR)
    Destination Clock Delay (DCD):    1.983ns
    Source Clock Delay      (SCD):    1.470ns
    Clock Pessimism Removal (CPR):    0.513ns

    Location             Delay type                Incr(ns)  Path(ns)    Netlist Resource(s)
  -------------------------------------------------------------------    -------------------
                         (clock sys_clk_pin rise edge)
                                                      0.000     0.000 r  
    W5                                                0.000     0.000 r  Clk (IN)
                         net (fo=0)                   0.000     0.000    Clk
    W5                   IBUF (Prop_ibuf_I_O)         0.226     0.226 r  Clk_IBUF_inst/O
                         net (fo=1, routed)           0.631     0.858    Clk_IBUF
    BUFGCTRL_X0Y0        BUFG (Prop_bufg_I_O)         0.026     0.884 r  Clk_IBUF_BUFG_inst/O
                         net (fo=34, routed)          0.587     1.470    Clock_0/Clk_IBUF_BUFG
    SLICE_X63Y19         FDRE                                         r  Clock_0/count_reg[4]/C
  -------------------------------------------------------------------    -------------------
    SLICE_X63Y19         FDRE (Prop_fdre_C_Q)         0.141     1.611 r  Clock_0/count_reg[4]/Q
                         net (fo=2, routed)           0.120     1.731    Clock_0/count[4]
    SLICE_X63Y19         CARRY4 (Prop_carry4_S[3]_O[3])
                                                      0.108     1.839 r  Clock_0/count0_carry/O[3]
                         net (fo=1, routed)           0.000     1.839    Clock_0/data0[4]
    SLICE_X63Y19         FDRE                                         r  Clock_0/count_reg[4]/D
  -------------------------------------------------------------------    -------------------

                         (clock sys_clk_pin rise edge)
                                                      0.000     0.000 r  
    W5                                                0.000     0.000 r  Clk (IN)
                         net (fo=0)                   0.000     0.000    Clk
    W5                   IBUF (Prop_ibuf_I_O)         0.414     0.414 r  Clk_IBUF_inst/O
                         net (fo=1, routed)           0.685     1.099    Clk_IBUF
    BUFGCTRL_X0Y0        BUFG (Prop_bufg_I_O)         0.029     1.128 r  Clk_IBUF_BUFG_inst/O
                         net (fo=34, routed)          0.856     1.983    Clock_0/Clk_IBUF_BUFG
    SLICE_X63Y19         FDRE                                         r  Clock_0/count_reg[4]/C
                         clock pessimism             -0.513     1.470    
    SLICE_X63Y19         FDRE (Hold_fdre_C_D)         0.105     1.575    Clock_0/count_reg[4]
  -------------------------------------------------------------------
                         required time                         -1.575    
                         arrival time                           1.839    
  -------------------------------------------------------------------
                         slack                                  0.264    

Slack (MET) :             0.264ns  (arrival time - required time)
  Source:                 Clock_0/count_reg[8]/C
                            (rising edge-triggered cell FDRE clocked by sys_clk_pin  {rise@0.000ns fall@5.000ns period=10.000ns})
  Destination:            Clock_0/count_reg[8]/D
                            (rising edge-triggered cell FDRE clocked by sys_clk_pin  {rise@0.000ns fall@5.000ns period=10.000ns})
  Path Group:             sys_clk_pin
  Path Type:              Hold (Min at Fast Process Corner)
  Requirement:            0.000ns  (sys_clk_pin rise@0.000ns - sys_clk_pin rise@0.000ns)
  Data Path Delay:        0.369ns  (logic 0.249ns (67.424%)  route 0.120ns (32.576%))
  Logic Levels:           1  (CARRY4=1)
  Clock Path Skew:        0.000ns (DCD - SCD - CPR)
    Destination Clock Delay (DCD):    1.982ns
    Source Clock Delay      (SCD):    1.469ns
    Clock Pessimism Removal (CPR):    0.513ns

    Location             Delay type                Incr(ns)  Path(ns)    Netlist Resource(s)
  -------------------------------------------------------------------    -------------------
                         (clock sys_clk_pin rise edge)
                                                      0.000     0.000 r  
    W5                                                0.000     0.000 r  Clk (IN)
                         net (fo=0)                   0.000     0.000    Clk
    W5                   IBUF (Prop_ibuf_I_O)         0.226     0.226 r  Clk_IBUF_inst/O
                         net (fo=1, routed)           0.631     0.858    Clk_IBUF
    BUFGCTRL_X0Y0        BUFG (Prop_bufg_I_O)         0.026     0.884 r  Clk_IBUF_BUFG_inst/O
                         net (fo=34, routed)          0.586     1.469    Clock_0/Clk_IBUF_BUFG
    SLICE_X63Y20         FDRE                                         r  Clock_0/count_reg[8]/C
  -------------------------------------------------------------------    -------------------
    SLICE_X63Y20         FDRE (Prop_fdre_C_Q)         0.141     1.610 r  Clock_0/count_reg[8]/Q
                         net (fo=2, routed)           0.120     1.730    Clock_0/count[8]
    SLICE_X63Y20         CARRY4 (Prop_carry4_S[3]_O[3])
                                                      0.108     1.838 r  Clock_0/count0_carry__0/O[3]
                         net (fo=1, routed)           0.000     1.838    Clock_0/data0[8]
    SLICE_X63Y20         FDRE                                         r  Clock_0/count_reg[8]/D
  -------------------------------------------------------------------    -------------------

                         (clock sys_clk_pin rise edge)
                                                      0.000     0.000 r  
    W5                                                0.000     0.000 r  Clk (IN)
                         net (fo=0)                   0.000     0.000    Clk
    W5                   IBUF (Prop_ibuf_I_O)         0.414     0.414 r  Clk_IBUF_inst/O
                         net (fo=1, routed)           0.685     1.099    Clk_IBUF
    BUFGCTRL_X0Y0        BUFG (Prop_bufg_I_O)         0.029     1.128 r  Clk_IBUF_BUFG_inst/O
                         net (fo=34, routed)          0.855     1.982    Clock_0/Clk_IBUF_BUFG
    SLICE_X63Y20         FDRE                                         r  Clock_0/count_reg[8]/C
                         clock pessimism             -0.513     1.469    
    SLICE_X63Y20         FDRE (Hold_fdre_C_D)         0.105     1.574    Clock_0/count_reg[8]
  -------------------------------------------------------------------
                         required time                         -1.574    
                         arrival time                           1.838    
  -------------------------------------------------------------------
                         slack                                  0.264    

Slack (MET) :             0.265ns  (arrival time - required time)
  Source:                 Clock_0/count_reg[9]/C
                            (rising edge-triggered cell FDRE clocked by sys_clk_pin  {rise@0.000ns fall@5.000ns period=10.000ns})
  Destination:            Clock_0/count_reg[9]/D
                            (rising edge-triggered cell FDRE clocked by sys_clk_pin  {rise@0.000ns fall@5.000ns period=10.000ns})
  Path Group:             sys_clk_pin
  Path Type:              Hold (Min at Fast Process Corner)
  Requirement:            0.000ns  (sys_clk_pin rise@0.000ns - sys_clk_pin rise@0.000ns)
  Data Path Delay:        0.370ns  (logic 0.256ns (69.181%)  route 0.114ns (30.819%))
  Logic Levels:           1  (CARRY4=1)
  Clock Path Skew:        0.000ns (DCD - SCD - CPR)
    Destination Clock Delay (DCD):    1.981ns
    Source Clock Delay      (SCD):    1.468ns
    Clock Pessimism Removal (CPR):    0.513ns

    Location             Delay type                Incr(ns)  Path(ns)    Netlist Resource(s)
  -------------------------------------------------------------------    -------------------
                         (clock sys_clk_pin rise edge)
                                                      0.000     0.000 r  
    W5                                                0.000     0.000 r  Clk (IN)
                         net (fo=0)                   0.000     0.000    Clk
    W5                   IBUF (Prop_ibuf_I_O)         0.226     0.226 r  Clk_IBUF_inst/O
                         net (fo=1, routed)           0.631     0.858    Clk_IBUF
    BUFGCTRL_X0Y0        BUFG (Prop_bufg_I_O)         0.026     0.884 r  Clk_IBUF_BUFG_inst/O
                         net (fo=34, routed)          0.585     1.468    Clock_0/Clk_IBUF_BUFG
    SLICE_X63Y21         FDRE                                         r  Clock_0/count_reg[9]/C
  -------------------------------------------------------------------    -------------------
    SLICE_X63Y21         FDRE (Prop_fdre_C_Q)         0.141     1.609 r  Clock_0/count_reg[9]/Q
                         net (fo=2, routed)           0.114     1.723    Clock_0/count[9]
    SLICE_X63Y21         CARRY4 (Prop_carry4_S[0]_O[0])
                                                      0.115     1.838 r  Clock_0/count0_carry__1/O[0]
                         net (fo=1, routed)           0.000     1.838    Clock_0/data0[9]
    SLICE_X63Y21         FDRE                                         r  Clock_0/count_reg[9]/D
  -------------------------------------------------------------------    -------------------

                         (clock sys_clk_pin rise edge)
                                                      0.000     0.000 r  
    W5                                                0.000     0.000 r  Clk (IN)
                         net (fo=0)                   0.000     0.000    Clk
    W5                   IBUF (Prop_ibuf_I_O)         0.414     0.414 r  Clk_IBUF_inst/O
                         net (fo=1, routed)           0.685     1.099    Clk_IBUF
    BUFGCTRL_X0Y0        BUFG (Prop_bufg_I_O)         0.029     1.128 r  Clk_IBUF_BUFG_inst/O
                         net (fo=34, routed)          0.854     1.981    Clock_0/Clk_IBUF_BUFG
    SLICE_X63Y21         FDRE                                         r  Clock_0/count_reg[9]/C
                         clock pessimism             -0.513     1.468    
    SLICE_X63Y21         FDRE (Hold_fdre_C_D)         0.105     1.573    Clock_0/count_reg[9]
  -------------------------------------------------------------------
                         required time                         -1.573    
                         arrival time                           1.838    
  -------------------------------------------------------------------
                         slack                                  0.265    

Slack (MET) :             0.266ns  (arrival time - required time)
  Source:                 Clock_0/count_reg[5]/C
                            (rising edge-triggered cell FDRE clocked by sys_clk_pin  {rise@0.000ns fall@5.000ns period=10.000ns})
  Destination:            Clock_0/count_reg[5]/D
                            (rising edge-triggered cell FDRE clocked by sys_clk_pin  {rise@0.000ns fall@5.000ns period=10.000ns})
  Path Group:             sys_clk_pin
  Path Type:              Hold (Min at Fast Process Corner)
  Requirement:            0.000ns  (sys_clk_pin rise@0.000ns - sys_clk_pin rise@0.000ns)
  Data Path Delay:        0.371ns  (logic 0.256ns (68.994%)  route 0.115ns (31.006%))
  Logic Levels:           1  (CARRY4=1)
  Clock Path Skew:        0.000ns (DCD - SCD - CPR)
    Destination Clock Delay (DCD):    1.982ns
    Source Clock Delay      (SCD):    1.469ns
    Clock Pessimism Removal (CPR):    0.513ns

    Location             Delay type                Incr(ns)  Path(ns)    Netlist Resource(s)
  -------------------------------------------------------------------    -------------------
                         (clock sys_clk_pin rise edge)
                                                      0.000     0.000 r  
    W5                                                0.000     0.000 r  Clk (IN)
                         net (fo=0)                   0.000     0.000    Clk
    W5                   IBUF (Prop_ibuf_I_O)         0.226     0.226 r  Clk_IBUF_inst/O
                         net (fo=1, routed)           0.631     0.858    Clk_IBUF
    BUFGCTRL_X0Y0        BUFG (Prop_bufg_I_O)         0.026     0.884 r  Clk_IBUF_BUFG_inst/O
                         net (fo=34, routed)          0.586     1.469    Clock_0/Clk_IBUF_BUFG
    SLICE_X63Y20         FDRE                                         r  Clock_0/count_reg[5]/C
  -------------------------------------------------------------------    -------------------
    SLICE_X63Y20         FDRE (Prop_fdre_C_Q)         0.141     1.610 r  Clock_0/count_reg[5]/Q
                         net (fo=2, routed)           0.115     1.725    Clock_0/count[5]
    SLICE_X63Y20         CARRY4 (Prop_carry4_S[0]_O[0])
                                                      0.115     1.840 r  Clock_0/count0_carry__0/O[0]
                         net (fo=1, routed)           0.000     1.840    Clock_0/data0[5]
    SLICE_X63Y20         FDRE                                         r  Clock_0/count_reg[5]/D
  -------------------------------------------------------------------    -------------------

                         (clock sys_clk_pin rise edge)
                                                      0.000     0.000 r  
    W5                                                0.000     0.000 r  Clk (IN)
                         net (fo=0)                   0.000     0.000    Clk
    W5                   IBUF (Prop_ibuf_I_O)         0.414     0.414 r  Clk_IBUF_inst/O
                         net (fo=1, routed)           0.685     1.099    Clk_IBUF
    BUFGCTRL_X0Y0        BUFG (Prop_bufg_I_O)         0.029     1.128 r  Clk_IBUF_BUFG_inst/O
                         net (fo=34, routed)          0.855     1.982    Clock_0/Clk_IBUF_BUFG
    SLICE_X63Y20         FDRE                                         r  Clock_0/count_reg[5]/C
                         clock pessimism             -0.513     1.469    
    SLICE_X63Y20         FDRE (Hold_fdre_C_D)         0.105     1.574    Clock_0/count_reg[5]
  -------------------------------------------------------------------
                         required time                         -1.574    
                         arrival time                           1.840    
  -------------------------------------------------------------------
                         slack                                  0.266    

Slack (MET) :             0.267ns  (arrival time - required time)
  Source:                 Clock_0/count_reg[13]/C
                            (rising edge-triggered cell FDRE clocked by sys_clk_pin  {rise@0.000ns fall@5.000ns period=10.000ns})
  Destination:            Clock_0/count_reg[13]/D
                            (rising edge-triggered cell FDRE clocked by sys_clk_pin  {rise@0.000ns fall@5.000ns period=10.000ns})
  Path Group:             sys_clk_pin
  Path Type:              Hold (Min at Fast Process Corner)
  Requirement:            0.000ns  (sys_clk_pin rise@0.000ns - sys_clk_pin rise@0.000ns)
  Data Path Delay:        0.372ns  (logic 0.256ns (68.766%)  route 0.116ns (31.234%))
  Logic Levels:           1  (CARRY4=1)
  Clock Path Skew:        0.000ns (DCD - SCD - CPR)
    Destination Clock Delay (DCD):    1.980ns
    Source Clock Delay      (SCD):    1.468ns
    Clock Pessimism Removal (CPR):    0.512ns

    Location             Delay type                Incr(ns)  Path(ns)    Netlist Resource(s)
  -------------------------------------------------------------------    -------------------
                         (clock sys_clk_pin rise edge)
                                                      0.000     0.000 r  
    W5                                                0.000     0.000 r  Clk (IN)
                         net (fo=0)                   0.000     0.000    Clk
    W5                   IBUF (Prop_ibuf_I_O)         0.226     0.226 r  Clk_IBUF_inst/O
                         net (fo=1, routed)           0.631     0.858    Clk_IBUF
    BUFGCTRL_X0Y0        BUFG (Prop_bufg_I_O)         0.026     0.884 r  Clk_IBUF_BUFG_inst/O
                         net (fo=34, routed)          0.585     1.468    Clock_0/Clk_IBUF_BUFG
    SLICE_X63Y22         FDRE                                         r  Clock_0/count_reg[13]/C
  -------------------------------------------------------------------    -------------------
    SLICE_X63Y22         FDRE (Prop_fdre_C_Q)         0.141     1.609 r  Clock_0/count_reg[13]/Q
                         net (fo=2, routed)           0.116     1.725    Clock_0/count[13]
    SLICE_X63Y22         CARRY4 (Prop_carry4_S[0]_O[0])
                                                      0.115     1.840 r  Clock_0/count0_carry__2/O[0]
                         net (fo=1, routed)           0.000     1.840    Clock_0/data0[13]
    SLICE_X63Y22         FDRE                                         r  Clock_0/count_reg[13]/D
  -------------------------------------------------------------------    -------------------

                         (clock sys_clk_pin rise edge)
                                                      0.000     0.000 r  
    W5                                                0.000     0.000 r  Clk (IN)
                         net (fo=0)                   0.000     0.000    Clk
    W5                   IBUF (Prop_ibuf_I_O)         0.414     0.414 r  Clk_IBUF_inst/O
                         net (fo=1, routed)           0.685     1.099    Clk_IBUF
    BUFGCTRL_X0Y0        BUFG (Prop_bufg_I_O)         0.029     1.128 r  Clk_IBUF_BUFG_inst/O
                         net (fo=34, routed)          0.853     1.980    Clock_0/Clk_IBUF_BUFG
    SLICE_X63Y22         FDRE                                         r  Clock_0/count_reg[13]/C
                         clock pessimism             -0.512     1.468    
    SLICE_X63Y22         FDRE (Hold_fdre_C_D)         0.105     1.573    Clock_0/count_reg[13]
  -------------------------------------------------------------------
                         required time                         -1.573    
                         arrival time                           1.840    
  -------------------------------------------------------------------
                         slack                                  0.267    





Pulse Width Checks
--------------------------------------------------------------------------------------
Clock Name:         sys_clk_pin
Waveform(ns):       { 0.000 5.000 }
Period(ns):         10.000
Sources:            { Clk }

Check Type        Corner  Lib Pin  Reference Pin  Required(ns)  Actual(ns)  Slack(ns)  Location       Pin
Min Period        n/a     BUFG/I   n/a            2.155         10.000      7.845      BUFGCTRL_X0Y0  Clk_IBUF_BUFG_inst/I
Min Period        n/a     FDRE/C   n/a            1.000         10.000      9.000      SLICE_X62Y22   Clock_0/Clk_out_reg/C
Min Period        n/a     FDRE/C   n/a            1.000         10.000      9.000      SLICE_X62Y22   Clock_0/clk_status_reg/C
Min Period        n/a     FDRE/C   n/a            1.000         10.000      9.000      SLICE_X62Y18   Clock_0/count_reg[0]/C
Min Period        n/a     FDRE/C   n/a            1.000         10.000      9.000      SLICE_X63Y21   Clock_0/count_reg[10]/C
Min Period        n/a     FDRE/C   n/a            1.000         10.000      9.000      SLICE_X63Y21   Clock_0/count_reg[11]/C
Min Period        n/a     FDRE/C   n/a            1.000         10.000      9.000      SLICE_X63Y21   Clock_0/count_reg[12]/C
Min Period        n/a     FDRE/C   n/a            1.000         10.000      9.000      SLICE_X63Y22   Clock_0/count_reg[13]/C
Min Period        n/a     FDRE/C   n/a            1.000         10.000      9.000      SLICE_X63Y22   Clock_0/count_reg[14]/C
Min Period        n/a     FDRE/C   n/a            1.000         10.000      9.000      SLICE_X63Y22   Clock_0/count_reg[15]/C
Low Pulse Width   Fast    FDRE/C   n/a            0.500         5.000       4.500      SLICE_X62Y22   Clock_0/Clk_out_reg/C
Low Pulse Width   Fast    FDRE/C   n/a            0.500         5.000       4.500      SLICE_X62Y22   Clock_0/clk_status_reg/C
Low Pulse Width   Slow    FDRE/C   n/a            0.500         5.000       4.500      SLICE_X62Y18   Clock_0/count_reg[0]/C
Low Pulse Width   Slow    FDRE/C   n/a            0.500         5.000       4.500      SLICE_X63Y21   Clock_0/count_reg[10]/C
Low Pulse Width   Fast    FDRE/C   n/a            0.500         5.000       4.500      SLICE_X63Y21   Clock_0/count_reg[10]/C
Low Pulse Width   Slow    FDRE/C   n/a            0.500         5.000       4.500      SLICE_X63Y21   Clock_0/count_reg[11]/C
Low Pulse Width   Fast    FDRE/C   n/a            0.500         5.000       4.500      SLICE_X63Y21   Clock_0/count_reg[11]/C
Low Pulse Width   Slow    FDRE/C   n/a            0.500         5.000       4.500      SLICE_X63Y21   Clock_0/count_reg[12]/C
Low Pulse Width   Fast    FDRE/C   n/a            0.500         5.000       4.500      SLICE_X63Y21   Clock_0/count_reg[12]/C
Low Pulse Width   Fast    FDRE/C   n/a            0.500         5.000       4.500      SLICE_X63Y22   Clock_0/count_reg[13]/C
High Pulse Width  Slow    FDRE/C   n/a            0.500         5.000       4.500      SLICE_X62Y22   Clock_0/Clk_out_reg/C
High Pulse Width  Slow    FDRE/C   n/a            0.500         5.000       4.500      SLICE_X62Y22   Clock_0/clk_status_reg/C
High Pulse Width  Slow    FDRE/C   n/a            0.500         5.000       4.500      SLICE_X63Y22   Clock_0/count_reg[13]/C
High Pulse Width  Slow    FDRE/C   n/a            0.500         5.000       4.500      SLICE_X63Y22   Clock_0/count_reg[14]/C
High Pulse Width  Slow    FDRE/C   n/a            0.500         5.000       4.500      SLICE_X63Y22   Clock_0/count_reg[15]/C
High Pulse Width  Slow    FDRE/C   n/a            0.500         5.000       4.500      SLICE_X63Y22   Clock_0/count_reg[16]/C
High Pulse Width  Slow    FDRE/C   n/a            0.500         5.000       4.500      SLICE_X63Y23   Clock_0/count_reg[17]/C
High Pulse Width  Slow    FDRE/C   n/a            0.500         5.000       4.500      SLICE_X63Y23   Clock_0/count_reg[18]/C
High Pulse Width  Slow    FDRE/C   n/a            0.500         5.000       4.500      SLICE_X63Y23   Clock_0/count_reg[19]/C
High Pulse Width  Slow    FDRE/C   n/a            0.500         5.000       4.500      SLICE_X63Y23   Clock_0/count_reg[20]/C



